0 info it worked if it ends with ok
1 verbose cli [ '/home/ubuntu/.nvm/v0.10.35/bin/node',
1 verbose cli   '/home/ubuntu/.nvm/v0.10.35/bin/npm',
1 verbose cli   'publish',
1 verbose cli   '--access=public' ]
2 info using npm@1.4.28
3 info using node@v0.10.35
4 verbose publish [ '.' ]
5 verbose cache add [ '.', null ]
6 verbose cache add name=undefined spec="." args=[".",null]
7 verbose parsed url { protocol: null,
7 verbose parsed url   slashes: null,
7 verbose parsed url   auth: null,
7 verbose parsed url   host: null,
7 verbose parsed url   port: null,
7 verbose parsed url   hostname: null,
7 verbose parsed url   hash: null,
7 verbose parsed url   search: null,
7 verbose parsed url   query: null,
7 verbose parsed url   pathname: '.',
7 verbose parsed url   path: '.',
7 verbose parsed url   href: '.' }
8 silly lockFile 3a52ce78- .
9 verbose lock . /home/ubuntu/.npm/3a52ce78-.lock
10 verbose tar pack [ '/home/ubuntu/.npm/ull-shape-danield/0.1.0/package.tgz', '.' ]
11 verbose tarball /home/ubuntu/.npm/ull-shape-danield/0.1.0/package.tgz
12 verbose folder .
13 info prepublish ull-shape-danield@0.1.0
14 silly lockFile 1f1177db-tar tar://.
15 verbose lock tar://. /home/ubuntu/.npm/1f1177db-tar.lock
16 silly lockFile f13f32c9--shape-danield-0-1-0-package-tgz tar:///home/ubuntu/.npm/ull-shape-danield/0.1.0/package.tgz
17 verbose lock tar:///home/ubuntu/.npm/ull-shape-danield/0.1.0/package.tgz /home/ubuntu/.npm/f13f32c9--shape-danield-0-1-0-package-tgz.lock
18 silly lockFile 1f1177db-tar tar://.
19 silly lockFile 1f1177db-tar tar://.
20 silly lockFile f13f32c9--shape-danield-0-1-0-package-tgz tar:///home/ubuntu/.npm/ull-shape-danield/0.1.0/package.tgz
21 silly lockFile f13f32c9--shape-danield-0-1-0-package-tgz tar:///home/ubuntu/.npm/ull-shape-danield/0.1.0/package.tgz
22 silly lockFile c17f56b4--ull-shape-danield-0-1-0-package /home/ubuntu/.npm/ull-shape-danield/0.1.0/package
23 verbose lock /home/ubuntu/.npm/ull-shape-danield/0.1.0/package /home/ubuntu/.npm/c17f56b4--ull-shape-danield-0-1-0-package.lock
24 silly lockFile c17f56b4--ull-shape-danield-0-1-0-package /home/ubuntu/.npm/ull-shape-danield/0.1.0/package
25 silly lockFile c17f56b4--ull-shape-danield-0-1-0-package /home/ubuntu/.npm/ull-shape-danield/0.1.0/package
26 silly lockFile 3a52ce78- .
27 silly lockFile 3a52ce78- .
28 silly publish { name: 'ull-shape-danield',
28 silly publish   version: '0.1.0',
28 silly publish   description: 'Modulo principal shape',
28 silly publish   main: 'gulpfile.js',
28 silly publish   bin: { 'ull-shape-danield': './path/to/program' },
28 silly publish   directories: { test: 'test' },
28 silly publish   scripts: { test: 'echo "Error: no test specified" && exit 1' },
28 silly publish   repository:
28 silly publish    { type: 'git',
28 silly publish      url: 'https://github.com/alu0100882186/ull-shape-danield' },
28 silly publish   author: { name: 'Daniel Diaz' },
28 silly publish   license: 'ISC',
28 silly publish   bugs: { url: 'https://github.com/alu0100882186/ull-shape-danield/issues' },
28 silly publish   homepage: 'https://github.com/alu0100882186/ull-shape-danield',
28 silly publish   dependencies: { util: '^0.10.3' },
28 silly publish   readme: '## Práctica: Evaluar Módulos\n\n### Aceptar Tarea\n\n* [Aceptar asignación de la tarea]()\n\n### Forma de trabajo\n\n* Use su portátil o su cuenta en c9 para llevar a cabo los objetivos planteados.\n* Esta práctica se divide en objetivos o hitos:  indique al profesor  cuando ha terminado y suba los enlaces a los repos y despliegues.\n\n\n### Descripción\n\nUno de los objetivos de esta práctica  es aprender a crear packages NodeJS y publicarlos en [npm](https://www.npmjs.com). El paquete se construye a partir de un repo [ULL-ESIT-DSI-1617/evalua-module](https://github.com/ULL-ESIT-DSI-1617/evalua-module)\nque contiene una solución a la [práctica evaluar strategy pattern](https://casianorodriguezleon.gitbooks.io/ull-esit-1617/content/practicas/practicaevaluastrategypattern.html).\n\nEn esta tarea deberá trabajar con varios repos, uno para el módulo principal `ull-shape` y uno para cada shape específica: cree los diferentes repos dentro de la organización `ULL-ESIT-DSI-1617` siguiendo el patrón `ull-shape-team` para el módulo principal y `ull-shape-team-triangle` para el del triángulo, etc.\n\n### Hitos\n\n1. Puede partir del [repo de GitHub dado por la asignación de esta tarea ULL-ESIT-DSI-1617/evalua-module](https://github.com/ULL-ESIT-DSI-1617/evalua-module). Este repo contiene una solución usando el strategy-pattern al problema de eliminar el switch smell en el cálculo del área de las Shapes. Puede usarlo para crear el resto de los repos necesarios para esta práctica\n2. Se trata de construir un primer módulo npm `ull-shape` con el código de la clase `Shape`\n3. Se construirá un módulo npm `ull-shape-triangle` que contenga la clases `Triangle`\n4. En general, para cada tipo particular de forma geométrica `x` se construirá un módulo npm `ull-shape-x` que contenga la clase `X`\n5. La implantación del módulo principal `ull-shape` se hace primero \n  - La implementación de los plugin `ull-shape-x` se hace después\n  - La implantación de los plugin `ull-shape-x` no debería conllevar, la modificación del código del módulo principal `ull-shape`(principio Open/Close)\n6. Como deberán publicar en el site de [npm](https://www.npmjs.com) los módulos asegúrense de ponerle a sus paquetes un nombre único que no coincida con el de los otros alumnos, por ejemplo `ull-shape-team-name` y `ull-shape-x-team-name`\n7. Escriba documentación para cada uno de los módulos (Véase [documentation.js](http://documentation.js.org/), [jsdoc](https://www.npmjs.com/package/jsdoc), [docco](http://jashkenas.github.io/docco/))\n8. Añada pruebas para cada uno de los módulos\n9. Integre usando Travis\n\n### Referencias\n\n* Véase la sección\n[Creación de Paquetes y Módulos en NodeJS](https://casianorodriguezleon.gitbooks.io/ull-esit-1617/content/apuntes/npm/nodejspackages.html)\n* Documentación:  [documentation.js](http://documentation.js.org/), [jsdoc](https://www.npmjs.com/package/jsdoc), [docco](http://jashkenas.github.io/docco/))\n* Véase la sección [Gulp](../apuntes/gulp/README.md)\n* [Apuntes: Code Smells](https://casianorodriguezleon.gitbooks.io/ull-esit-1617/content/apuntes/patterns/codesmell.html)\n* [Principios de Diseño](https://casianorodriguezleon.gitbooks.io/ull-esit-1617/content/apuntes/patterns/designprinciples.html)\n* [Patrones de Diseño](https://casianorodriguezleon.gitbooks.io/ull-esit-1617/content/apuntes/patterns/)\n* [ECMAScript 6 Power Tutorial: Class and Inheritance](https://code.tutsplus.com/tutorials/ecmascript-6-power-tutorial-class-and-inheritance--cms-24117)\n* [Object-Oriented JavaScript — A Deep Dive into ES6 Classes](https://www.sitepoint.com/object-oriented-javascript-deep-dive-es6-classes/)\n* [Strategy Pattern](https://casianorodriguezleon.gitbooks.io/ull-esit-1617/content/apuntes/patterns/strategypattern.html)\n* [Apuntes: Pruebas. Mocha](https://casianorodriguezleon.gitbooks.io/ull-esit-1617/content/apuntes/pruebas/mocha.html)\n* [Apuntes: Pruebas. Should](https://casianorodriguezleon.gitbooks.io/ull-esit-1617/content/apuntes/pruebas/mocha.html#shouldl)\n* [Apuntes: Integración Contínua. Travis](https://casianorodriguezleon.gitbooks.io/ull-esit-1617/content/apuntes/pruebas/travis.html)\n\n',
28 silly publish   readmeFilename: 'README.md',
28 silly publish   gitHead: '136627fcd2bb4c0f7f00a61df8fede5b37445a34',
28 silly publish   _id: 'ull-shape-danield@0.1.0',
28 silly publish   _shasum: 'dbf131ca2fc554c40381ed6c77c8149d65c54265',
28 silly publish   _from: '.' }
29 error need auth auth and email required for publishing
29 error need auth You need to authorize this machine using `npm adduser`
30 error System Linux 4.9.17-c9
31 error command "/home/ubuntu/.nvm/v0.10.35/bin/node" "/home/ubuntu/.nvm/v0.10.35/bin/npm" "publish" "--access=public"
32 error cwd /home/ubuntu/workspace/DSI/ull-shape-danield
33 error node -v v0.10.35
34 error npm -v 1.4.28
35 error code ENEEDAUTH
36 verbose exit [ 1, true ]
